<?xml version="1.0" encoding="UTF-8"?>
<testsuite xmlns:xsi="http://www.w3.org/2001/XMLSchema-instance" xsi:noNamespaceSchemaLocation="https://maven.apache.org/surefire/maven-surefire-plugin/xsd/surefire-test-report.xsd" name="is.hi.eidurK.AppTest" time="0.032" tests="15" errors="0" skipped="0" failures="0">
  <properties>
    <property name="java.specification.version" value="18"/>
    <property name="sun.cpu.isalist" value="amd64"/>
    <property name="sun.jnu.encoding" value="Cp1252"/>
    <property name="java.class.path" value="C:\Users\Eidur\OneDrive\Documents\Hi\Tölvunarfræði\BigProject\BigProject\target\test-classes;C:\Users\Eidur\OneDrive\Documents\Hi\Tölvunarfræði\BigProject\BigProject\target\classes;C:\Users\Eidur\.m2\repository\junit\junit\4.11\junit-4.11.jar;C:\Users\Eidur\.m2\repository\org\hamcrest\hamcrest-core\1.3\hamcrest-core-1.3.jar;C:\Users\Eidur\.m2\repository\com\github\FGM-148\algs4\1.0.0.0\algs4-1.0.0.0.jar;"/>
    <property name="java.vm.vendor" value="Oracle Corporation"/>
    <property name="sun.arch.data.model" value="64"/>
    <property name="user.variant" value=""/>
    <property name="java.vendor.url" value="https://java.oracle.com/"/>
    <property name="user.timezone" value="Atlantic/Reykjavik"/>
    <property name="os.name" value="Windows 10"/>
    <property name="java.vm.specification.version" value="18"/>
    <property name="sun.java.launcher" value="SUN_STANDARD"/>
    <property name="user.country" value="US"/>
    <property name="sun.boot.library.path" value="C:\Program Files\Java\jdk-18.0.2.1\bin"/>
    <property name="sun.java.command" value="C:\Users\Eidur\AppData\Local\Temp\surefire11291944449659129419\surefirebooter9299982102035611127.jar C:\Users\Eidur\AppData\Local\Temp\surefire11291944449659129419 2023-04-16T14-27-53_037-jvmRun1 surefire6012519864331184729tmp surefire_018278545552204833937tmp"/>
    <property name="jdk.debug" value="release"/>
    <property name="surefire.test.class.path" value="C:\Users\Eidur\OneDrive\Documents\Hi\Tölvunarfræði\BigProject\BigProject\target\test-classes;C:\Users\Eidur\OneDrive\Documents\Hi\Tölvunarfræði\BigProject\BigProject\target\classes;C:\Users\Eidur\.m2\repository\junit\junit\4.11\junit-4.11.jar;C:\Users\Eidur\.m2\repository\org\hamcrest\hamcrest-core\1.3\hamcrest-core-1.3.jar;C:\Users\Eidur\.m2\repository\com\github\FGM-148\algs4\1.0.0.0\algs4-1.0.0.0.jar;"/>
    <property name="sun.cpu.endian" value="little"/>
    <property name="user.home" value="C:\Users\Eidur"/>
    <property name="user.language" value="en"/>
    <property name="java.specification.vendor" value="Oracle Corporation"/>
    <property name="java.version.date" value="2022-08-18"/>
    <property name="java.home" value="C:\Program Files\Java\jdk-18.0.2.1"/>
    <property name="file.separator" value="\"/>
    <property name="basedir" value="C:\Users\Eidur\OneDrive\Documents\Hi\Tölvunarfræði\BigProject\BigProject"/>
    <property name="java.vm.compressedOopsMode" value="Zero based"/>
    <property name="line.separator" value="&#10;"/>
    <property name="java.vm.specification.vendor" value="Oracle Corporation"/>
    <property name="java.specification.name" value="Java Platform API Specification"/>
    <property name="surefire.real.class.path" value="C:\Users\Eidur\AppData\Local\Temp\surefire11291944449659129419\surefirebooter9299982102035611127.jar"/>
    <property name="user.script" value=""/>
    <property name="sun.management.compiler" value="HotSpot 64-Bit Tiered Compilers"/>
    <property name="java.runtime.version" value="18.0.2.1+1-1"/>
    <property name="user.name" value="Eidur"/>
    <property name="path.separator" value=";"/>
    <property name="os.version" value="10.0"/>
    <property name="java.runtime.name" value="Java(TM) SE Runtime Environment"/>
    <property name="file.encoding" value="UTF-8"/>
    <property name="java.vm.name" value="Java HotSpot(TM) 64-Bit Server VM"/>
    <property name="localRepository" value="C:\Users\Eidur\.m2\repository"/>
    <property name="java.vendor.url.bug" value="https://bugreport.java.com/bugreport/"/>
    <property name="java.io.tmpdir" value="C:\Users\Eidur\AppData\Local\Temp\"/>
    <property name="java.version" value="18.0.2.1"/>
    <property name="user.dir" value="C:\Users\Eidur\OneDrive\Documents\Hi\Tölvunarfræði\BigProject\BigProject"/>
    <property name="os.arch" value="amd64"/>
    <property name="java.vm.specification.name" value="Java Virtual Machine Specification"/>
    <property name="sun.os.patch.level" value=""/>
    <property name="native.encoding" value="Cp1252"/>
    <property name="java.library.path" value="C:\Program Files\Java\jdk-18.0.2.1\bin;C:\Windows\Sun\Java\bin;C:\Windows\system32;C:\Windows;C:\Program Files\Git\mingw64\bin;C:\Program Files\Git\usr\bin;C:\Users\Eidur\bin;C:\Program Files\Oculus\Support\oculus-runtime;C:\Program Files\Eclipse Adoptium\jdk-17.0.4.8-hotspot\bin;C:\Program Files\Eclipse Adoptium\jdk-11.0.15.10-hotspot\bin;C:\Program Files\Common Files\Oracle\Java\javapath;C:\Program Files (x86)\Common Files\Oracle\Java\javapath;C:\Windows\system32;C:\Windows;C:\Windows\System32\Wbem;C:\Windows\System32\WindowsPowerShell\v1.0;C:\Windows\System32\OpenSSH;C:\Program Files\dotnet;C:\Program Files\NVIDIA Corporation\NVIDIA NvDLISR;C:\Program Files (x86)\NVIDIA Corporation\PhysX\Common;C:\Program Files\Docker\Docker\resources\bin;C:\ProgramData\DockerDesktop\version-bin;C:\Program Files\Java\jdk-18.0.2.1\bin;C:\Program Files\Apache Maven\bin\apache-maven-3.8.7\bin;C:\Program Files\GNU Octave\Octave-7.3.0\mingw64\bin;C:\Program Files\Git\cmd;C:\Users\Eidur\AppData\Local\Microsoft\WindowsApps;C:\Users\Eidur\AppData\Local\Programs\Microsoft VS Code\bin;C:\Users\Eidur\AppData\Local\spicetify;C:\Users\Eidur\AppData\Local\JetBrains\Toolbox\scripts;C:\Users\Eidur\.dotnet\tools;."/>
    <property name="java.vm.info" value="mixed mode, sharing"/>
    <property name="java.vendor" value="Oracle Corporation"/>
    <property name="java.vm.version" value="18.0.2.1+1-1"/>
    <property name="sun.io.unicode.encoding" value="UnicodeLittle"/>
    <property name="java.class.version" value="62.0"/>
  </properties>
  <testcase name="isListofBooksNotEmpty" classname="is.hi.eidurK.AppTest" time="0.002"/>
  <testcase name="findBook" classname="is.hi.eidurK.AppTest" time="0"/>
  <testcase name="findUser" classname="is.hi.eidurK.AppTest" time="0"/>
  <testcase name="isListofUsersEmpty" classname="is.hi.eidurK.AppTest" time="0"/>
  <testcase name="addStudent" classname="is.hi.eidurK.AppTest" time="0"/>
  <testcase name="feeIsNotPaid" classname="is.hi.eidurK.AppTest" time="0"/>
  <testcase name="isListofLendingsEmpty" classname="is.hi.eidurK.AppTest" time="0"/>
  <testcase name="addBooksMethod" classname="is.hi.eidurK.AppTest" time="0"/>
  <testcase name="isListofBooksEmpty" classname="is.hi.eidurK.AppTest" time="0"/>
  <testcase name="isListofAuthorsEmpty" classname="is.hi.eidurK.AppTest" time="0"/>
  <testcase name="addLendings" classname="is.hi.eidurK.AppTest" time="0.005"/>
  <testcase name="feeIsPaid" classname="is.hi.eidurK.AppTest" time="0"/>
  <testcase name="isListofLendingsNotEmpty" classname="is.hi.eidurK.AppTest" time="0"/>
  <testcase name="isListofUsersNotEmpty" classname="is.hi.eidurK.AppTest" time="0"/>
  <testcase name="isListofAuthorsNotEmpty" classname="is.hi.eidurK.AppTest" time="0"/>
</testsuite>