<?xml version="1.0" encoding="UTF-8"?>
<testsuite xmlns:xsi="http://www.w3.org/2001/XMLSchema-instance" xsi:noNamespaceSchemaLocation="https://maven.apache.org/surefire/maven-surefire-plugin/xsd/surefire-test-report.xsd" name="is.hi.eidurK.AppTest" time="0.041" tests="14" errors="0" skipped="0" failures="0">
  <properties>
    <property name="java.specification.version" value="19"/>
    <property name="sun.jnu.encoding" value="UTF-8"/>
    <property name="java.class.path" value="/home/eidur/Documents/Hi/hbv202g/BigProject/BigProject/target/test-classes:/home/eidur/Documents/Hi/hbv202g/BigProject/BigProject/target/classes:/home/eidur/.m2/repository/junit/junit/4.11/junit-4.11.jar:/home/eidur/.m2/repository/org/hamcrest/hamcrest-core/1.3/hamcrest-core-1.3.jar:/home/eidur/.m2/repository/com/github/FGM-148/algs4/1.0.0.0/algs4-1.0.0.0.jar:"/>
    <property name="java.vm.vendor" value="Private Build"/>
    <property name="sun.arch.data.model" value="64"/>
    <property name="java.vendor.url" value="Unknown"/>
    <property name="os.name" value="Linux"/>
    <property name="java.vm.specification.version" value="19"/>
    <property name="sun.java.launcher" value="SUN_STANDARD"/>
    <property name="user.country" value="US"/>
    <property name="sun.boot.library.path" value="/usr/lib/jvm/java-19-openjdk-amd64/lib"/>
    <property name="sun.java.command" value="/home/eidur/Documents/Hi/hbv202g/BigProject/BigProject/target/surefire/surefirebooter13960534975744953610.jar /home/eidur/Documents/Hi/hbv202g/BigProject/BigProject/target/surefire 2023-04-18T13-07-57_595-jvmRun1 surefire6304643726792838492tmp surefire_04147425532503798252tmp"/>
    <property name="jdk.debug" value="release"/>
    <property name="surefire.test.class.path" value="/home/eidur/Documents/Hi/hbv202g/BigProject/BigProject/target/test-classes:/home/eidur/Documents/Hi/hbv202g/BigProject/BigProject/target/classes:/home/eidur/.m2/repository/junit/junit/4.11/junit-4.11.jar:/home/eidur/.m2/repository/org/hamcrest/hamcrest-core/1.3/hamcrest-core-1.3.jar:/home/eidur/.m2/repository/com/github/FGM-148/algs4/1.0.0.0/algs4-1.0.0.0.jar:"/>
    <property name="sun.cpu.endian" value="little"/>
    <property name="user.home" value="/home/eidur"/>
    <property name="user.language" value="en"/>
    <property name="java.specification.vendor" value="Oracle Corporation"/>
    <property name="java.version.date" value="2023-01-17"/>
    <property name="java.home" value="/usr/lib/jvm/java-19-openjdk-amd64"/>
    <property name="file.separator" value="/"/>
    <property name="basedir" value="/home/eidur/Documents/Hi/hbv202g/BigProject/BigProject"/>
    <property name="java.vm.compressedOopsMode" value="32-bit"/>
    <property name="line.separator" value="&#10;"/>
    <property name="java.specification.name" value="Java Platform API Specification"/>
    <property name="java.vm.specification.vendor" value="Oracle Corporation"/>
    <property name="surefire.real.class.path" value="/home/eidur/Documents/Hi/hbv202g/BigProject/BigProject/target/surefire/surefirebooter13960534975744953610.jar"/>
    <property name="sun.management.compiler" value="HotSpot 64-Bit Tiered Compilers"/>
    <property name="java.runtime.version" value="19.0.2+7-Ubuntu-0ubuntu322.04"/>
    <property name="user.name" value="eidur"/>
    <property name="stdout.encoding" value="UTF-8"/>
    <property name="path.separator" value=":"/>
    <property name="os.version" value="5.19.0-38-generic"/>
    <property name="java.runtime.name" value="OpenJDK Runtime Environment"/>
    <property name="file.encoding" value="UTF-8"/>
    <property name="java.vm.name" value="OpenJDK 64-Bit Server VM"/>
    <property name="localRepository" value="/home/eidur/.m2/repository"/>
    <property name="java.vendor.url.bug" value="Unknown"/>
    <property name="java.io.tmpdir" value="/tmp"/>
    <property name="java.version" value="19.0.2"/>
    <property name="user.dir" value="/home/eidur/Documents/Hi/hbv202g/BigProject/BigProject"/>
    <property name="os.arch" value="amd64"/>
    <property name="java.vm.specification.name" value="Java Virtual Machine Specification"/>
    <property name="native.encoding" value="UTF-8"/>
    <property name="java.library.path" value="/usr/java/packages/lib:/usr/lib/x86_64-linux-gnu/jni:/lib/x86_64-linux-gnu:/usr/lib/x86_64-linux-gnu:/usr/lib/jni:/lib:/usr/lib"/>
    <property name="java.vm.info" value="mixed mode, sharing"/>
    <property name="stderr.encoding" value="UTF-8"/>
    <property name="java.vendor" value="Private Build"/>
    <property name="java.vm.version" value="19.0.2+7-Ubuntu-0ubuntu322.04"/>
    <property name="sun.io.unicode.encoding" value="UnicodeLittle"/>
    <property name="java.class.version" value="63.0"/>
  </properties>
  <testcase name="isListofBorrowablesEmpty" classname="is.hi.eidurK.AppTest" time="0.003"/>
  <testcase name="isListofBooksNotEmpty" classname="is.hi.eidurK.AppTest" time="0"/>
  <testcase name="findBook" classname="is.hi.eidurK.AppTest" time="0"/>
  <testcase name="findUser" classname="is.hi.eidurK.AppTest" time="0"/>
  <testcase name="isListofUsersEmpty" classname="is.hi.eidurK.AppTest" time="0.001"/>
  <testcase name="addStudent" classname="is.hi.eidurK.AppTest" time="0"/>
  <testcase name="feeIsNotPaid" classname="is.hi.eidurK.AppTest" time="0"/>
  <testcase name="isListofLendingsEmpty" classname="is.hi.eidurK.AppTest" time="0.001"/>
  <testcase name="addBooksMethod" classname="is.hi.eidurK.AppTest" time="0"/>
  <testcase name="addLendings" classname="is.hi.eidurK.AppTest" time="0.008"/>
  <testcase name="feeIsPaid" classname="is.hi.eidurK.AppTest" time="0.001"/>
  <testcase name="isListofLendingsNotEmpty" classname="is.hi.eidurK.AppTest" time="0"/>
  <testcase name="isListofUsersNotEmpty" classname="is.hi.eidurK.AppTest" time="0"/>
  <testcase name="isListofAuthorsNotEmpty" classname="is.hi.eidurK.AppTest" time="0"/>
</testsuite>