<?xml version="1.0" encoding="UTF-8"?>
<testsuite xmlns:xsi="http://www.w3.org/2001/XMLSchema-instance" xsi:noNamespaceSchemaLocation="https://maven.apache.org/surefire/maven-surefire-plugin/xsd/surefire-test-report.xsd" name="is.hi.eidurK.AppTest" time="0.083" tests="14" errors="0" skipped="0" failures="0">
  <properties>
    <property name="java.specification.version" value="19"/>
    <property name="sun.jnu.encoding" value="UTF-8"/>
    <property name="java.class.path" value="/Users/janusbirgisson/Documents/Skóli/Hugbúnaðar/BigProject/BigProject/target/test-classes:/Users/janusbirgisson/Documents/Skóli/Hugbúnaðar/BigProject/BigProject/target/classes:/Users/janusbirgisson/.m2/repository/junit/junit/4.11/junit-4.11.jar:/Users/janusbirgisson/.m2/repository/org/hamcrest/hamcrest-core/1.3/hamcrest-core-1.3.jar:/Users/janusbirgisson/.m2/repository/com/github/FGM-148/algs4/1.0.0.0/algs4-1.0.0.0.jar:"/>
    <property name="java.vm.vendor" value="Oracle Corporation"/>
    <property name="sun.arch.data.model" value="64"/>
    <property name="java.vendor.url" value="https://java.oracle.com/"/>
    <property name="os.name" value="Mac OS X"/>
    <property name="java.vm.specification.version" value="19"/>
    <property name="sun.java.launcher" value="SUN_STANDARD"/>
    <property name="user.country" value="IS"/>
    <property name="sun.boot.library.path" value="/Users/janusbirgisson/Library/Java/JavaVirtualMachines/openjdk-19.0.1/Contents/Home/lib"/>
    <property name="sun.java.command" value="/Users/janusbirgisson/Documents/Skóli/Hugbúnaðar/BigProject/BigProject/target/surefire/surefirebooter16381176892475544469.jar /Users/janusbirgisson/Documents/Skóli/Hugbúnaðar/BigProject/BigProject/target/surefire 2023-04-20T18-04-59_281-jvmRun1 surefire13710185779231330913tmp surefire_015904701851298759183tmp"/>
    <property name="http.nonProxyHosts" value="local|*.local|169.254/16|*.169.254/16"/>
    <property name="jdk.debug" value="release"/>
    <property name="surefire.test.class.path" value="/Users/janusbirgisson/Documents/Skóli/Hugbúnaðar/BigProject/BigProject/target/test-classes:/Users/janusbirgisson/Documents/Skóli/Hugbúnaðar/BigProject/BigProject/target/classes:/Users/janusbirgisson/.m2/repository/junit/junit/4.11/junit-4.11.jar:/Users/janusbirgisson/.m2/repository/org/hamcrest/hamcrest-core/1.3/hamcrest-core-1.3.jar:/Users/janusbirgisson/.m2/repository/com/github/FGM-148/algs4/1.0.0.0/algs4-1.0.0.0.jar:"/>
    <property name="sun.cpu.endian" value="little"/>
    <property name="user.home" value="/Users/janusbirgisson"/>
    <property name="user.language" value="en"/>
    <property name="java.specification.vendor" value="Oracle Corporation"/>
    <property name="java.version.date" value="2022-10-18"/>
    <property name="java.home" value="/Users/janusbirgisson/Library/Java/JavaVirtualMachines/openjdk-19.0.1/Contents/Home"/>
    <property name="file.separator" value="/"/>
    <property name="basedir" value="/Users/janusbirgisson/Documents/Skóli/Hugbúnaðar/BigProject/BigProject"/>
    <property name="java.vm.compressedOopsMode" value="Zero based"/>
    <property name="line.separator" value="&#10;"/>
    <property name="java.vm.specification.vendor" value="Oracle Corporation"/>
    <property name="java.specification.name" value="Java Platform API Specification"/>
    <property name="apple.awt.application.name" value="ForkedBooter"/>
    <property name="surefire.real.class.path" value="/Users/janusbirgisson/Documents/Skóli/Hugbúnaðar/BigProject/BigProject/target/surefire/surefirebooter16381176892475544469.jar"/>
    <property name="sun.management.compiler" value="HotSpot 64-Bit Tiered Compilers"/>
    <property name="ftp.nonProxyHosts" value="local|*.local|169.254/16|*.169.254/16"/>
    <property name="java.runtime.version" value="19.0.1+10-21"/>
    <property name="user.name" value="janusbirgisson"/>
    <property name="stdout.encoding" value="UTF-8"/>
    <property name="path.separator" value=":"/>
    <property name="os.version" value="12.6.3"/>
    <property name="java.runtime.name" value="OpenJDK Runtime Environment"/>
    <property name="file.encoding" value="UTF-8"/>
    <property name="java.vm.name" value="OpenJDK 64-Bit Server VM"/>
    <property name="localRepository" value="/Users/janusbirgisson/.m2/repository"/>
    <property name="java.vendor.url.bug" value="https://bugreport.java.com/bugreport/"/>
    <property name="java.io.tmpdir" value="/var/folders/q_/xryvv5_52w7gjkxmj729yq180000gn/T/"/>
    <property name="idea.version" value="2022.2"/>
    <property name="java.version" value="19.0.1"/>
    <property name="user.dir" value="/Users/janusbirgisson/Documents/Skóli/Hugbúnaðar/BigProject/BigProject"/>
    <property name="os.arch" value="x86_64"/>
    <property name="java.vm.specification.name" value="Java Virtual Machine Specification"/>
    <property name="native.encoding" value="UTF-8"/>
    <property name="java.library.path" value="/Users/janusbirgisson/Library/Java/Extensions:/Library/Java/Extensions:/Network/Library/Java/Extensions:/System/Library/Java/Extensions:/usr/lib/java:."/>
    <property name="java.vm.info" value="mixed mode, sharing"/>
    <property name="stderr.encoding" value="UTF-8"/>
    <property name="java.vendor" value="Oracle Corporation"/>
    <property name="java.vm.version" value="19.0.1+10-21"/>
    <property name="sun.io.unicode.encoding" value="UnicodeBig"/>
    <property name="socksNonProxyHosts" value="local|*.local|169.254/16|*.169.254/16"/>
    <property name="java.class.version" value="63.0"/>
  </properties>
  <testcase name="isListofBorrowablesEmpty" classname="is.hi.eidurK.AppTest" time="0.005"/>
  <testcase name="isListofBooksNotEmpty" classname="is.hi.eidurK.AppTest" time="0"/>
  <testcase name="findBook" classname="is.hi.eidurK.AppTest" time="0.001"/>
  <testcase name="findUser" classname="is.hi.eidurK.AppTest" time="0.001"/>
  <testcase name="isListofUsersEmpty" classname="is.hi.eidurK.AppTest" time="0"/>
  <testcase name="addStudent" classname="is.hi.eidurK.AppTest" time="0.001"/>
  <testcase name="feeIsNotPaid" classname="is.hi.eidurK.AppTest" time="0"/>
  <testcase name="isListofLendingsEmpty" classname="is.hi.eidurK.AppTest" time="0.001"/>
  <testcase name="addBooksMethod" classname="is.hi.eidurK.AppTest" time="0"/>
  <testcase name="addLendings" classname="is.hi.eidurK.AppTest" time="0.017"/>
  <testcase name="feeIsPaid" classname="is.hi.eidurK.AppTest" time="0"/>
  <testcase name="isListofLendingsNotEmpty" classname="is.hi.eidurK.AppTest" time="0"/>
  <testcase name="isListofUsersNotEmpty" classname="is.hi.eidurK.AppTest" time="0.001"/>
  <testcase name="isListofAuthorsNotEmpty" classname="is.hi.eidurK.AppTest" time="0"/>
</testsuite>